<?xml version="1.0" encoding="UTF-8"?>
<!-- Generated by org.testng.reporters.JUnitReportReporter -->
<testsuite hostname="Dantus" name="testing.AmazonTest" tests="3" failures="0" timestamp="16 Jul 2016 19:24:47 GMT" time="36.915" errors="0">
  <testcase name="AmazonHomeTestMethod" time="20.706" classname="testing.AmazonTest"/>
  <testcase name="AmazonSigninMethod" time="9.007" classname="testing.AmazonTest"/>
  <testcase name="AmazonViewCartMethod" time="7.202" classname="testing.AmazonTest"/>
</testsuite> <!-- testing.AmazonTest -->
