<?xml version="1.0" encoding="UTF-8"?>
<!-- Generated by org.testng.reporters.JUnitReportReporter -->
<testsuite hostname="Dantus" name="testng.AmazonParameterTest" tests="3" failures="0" timestamp="18 Jul 2016 19:32:43 GMT" time="24.674" errors="0">
  <testcase name="AmazonHomeTestMethod" time="7.558" classname="testng.AmazonParameterTest"/>
  <testcase name="AmazonHomeTestMethod" time="9.553" classname="testng.AmazonParameterTest"/>
  <testcase name="AmazonHomeTestMethod" time="7.563" classname="testng.AmazonParameterTest"/>
</testsuite> <!-- testng.AmazonParameterTest -->
